<?xml version="1.0" encoding="UTF-8" ?>
<testsuite failures="0" time="2.575" errors="0" skipped="0" tests="1" name="TestSuite">
  <properties>
    <property name="java.vendor" value="Apple Inc."/>
    <property name="localRepository" value="/Users/jmayaalv/.m2/repository"/>
    <property name="sun.java.launcher" value="SUN_STANDARD"/>
    <property name="sun.management.compiler" value="HotSpot 64-Bit Server Compiler"/>
    <property name="os.name" value="Mac OS X"/>
    <property name="sun.boot.class.path" value="/System/Library/Frameworks/JavaVM.framework/Versions/1.6.0/Classes/jsfd.jar:/System/Library/Frameworks/JavaVM.framework/Versions/1.6.0/Classes/classes.jar:/System/Library/Frameworks/JavaVM.framework/Frameworks/JavaRuntimeSupport.framework/Resources/Java/JavaRuntimeSupport.jar:/System/Library/Frameworks/JavaVM.framework/Versions/1.6.0/Classes/ui.jar:/System/Library/Frameworks/JavaVM.framework/Versions/1.6.0/Classes/laf.jar:/System/Library/Frameworks/JavaVM.framework/Versions/1.6.0/Classes/sunrsasign.jar:/System/Library/Frameworks/JavaVM.framework/Versions/1.6.0/Classes/jsse.jar:/System/Library/Frameworks/JavaVM.framework/Versions/1.6.0/Classes/jce.jar:/System/Library/Frameworks/JavaVM.framework/Versions/1.6.0/Classes/charsets.jar"/>
    <property name="env.TMPDIR" value="/var/folders/ZO/ZOyjLyx7F9yNPLTOB2+QFk+++TI/-Tmp-/"/>
    <property name="java.vm.specification.vendor" value="Sun Microsystems Inc."/>
    <property name="java.runtime.version" value="1.6.0_20-b02-279-10M3065"/>
    <property name="env.Apple_PubSub_Socket_Render" value="/tmp/launch-JzyCwq/Render"/>
    <property name="env.DISPLAY" value="/tmp/launch-ce5U2d/org.x:0"/>
    <property name="user.name" value="jmayaalv"/>
    <property name="env.USER" value="jmayaalv"/>
    <property name="env.SHELL" value="/bin/bash"/>
    <property name="env.__CF_USER_TEXT_ENCODING" value="0x1F5:0:0"/>
    <property name="awt.nativeDoubleBuffering" value="true"/>
    <property name="env.PATH" value="/usr/bin:/bin:/usr/sbin:/sbin"/>
    <property name="user.language" value="en"/>
    <property name="sun.boot.library.path" value="/System/Library/Frameworks/JavaVM.framework/Versions/1.6.0/Libraries"/>
    <property name="classworlds.conf" value="/Users/jmayaalv/Documents/workspace/.metadata/.plugins/org.maven.ide.eclipse/launches/m2conf5689561815089550902.tmp"/>
    <property name="env.APP_ICON_354" value="../Resources/Eclipse.icns"/>
    <property name="java.version" value="1.6.0_20"/>
    <property name="user.timezone" value="Europe/Berlin"/>
    <property name="sun.arch.data.model" value="64"/>
    <property name="http.nonProxyHosts" value="local|*.local|169.254/16|*.169.254/16"/>
    <property name="java.endorsed.dirs" value="/System/Library/Frameworks/JavaVM.framework/Versions/1.6.0/Home/lib/endorsed"/>
    <property name="sun.cpu.isalist" value=""/>
    <property name="sun.jnu.encoding" value="MacRoman"/>
    <property name="file.encoding.pkg" value="sun.io"/>
    <property name="file.separator" value="/"/>
    <property name="java.specification.name" value="Java Platform API Specification"/>
    <property name="java.class.version" value="50.0"/>
    <property name="user.country" value="US"/>
    <property name="java.home" value="/System/Library/Frameworks/JavaVM.framework/Versions/1.6.0/Home"/>
    <property name="java.vm.info" value="mixed mode"/>
    <property name="env.LOGNAME" value="jmayaalv"/>
    <property name="os.version" value="10.6.3"/>
    <property name="env.HADOOP_HOME" value="/Applications/tools/hadoop-0.19.2"/>
    <property name="path.separator" value=":"/>
    <property name="java.vm.version" value="16.3-b01-279"/>
    <property name="env.JAVA_MAIN_CLASS_815" value="org.codehaus.classworlds.Launcher"/>
    <property name="java.awt.printerjob" value="apple.awt.CPrinterJob"/>
    <property name="sun.io.unicode.encoding" value="UnicodeLittle"/>
    <property name="awt.toolkit" value="apple.awt.CToolkit"/>
    <property name="socksNonProxyHosts" value="local|*.local|169.254/16|*.169.254/16"/>
    <property name="ftp.nonProxyHosts" value="local|*.local|169.254/16|*.169.254/16"/>
    <property name="user.home" value="/Users/jmayaalv"/>
    <property name="java.specification.vendor" value="Sun Microsystems Inc."/>
    <property name="java.library.path" value=".:/Library/Java/Extensions:/System/Library/Java/Extensions:/usr/lib/java"/>
    <property name="java.vendor.url" value="http://www.apple.com/"/>
    <property name="java.vm.vendor" value="Apple Inc."/>
    <property name="gopherProxySet" value="false"/>
    <property name="maven.home" value="EMBEDDED"/>
    <property name="java.runtime.name" value="Java(TM) SE Runtime Environment"/>
    <property name="java.class.path" value="/Applications/eclipse/plugins/org.maven.ide.components.maven_embedder_2.1.0.20080530-2300/jars/plexus-classworlds-1.2-alpha-12.jar"/>
    <property name="java.vm.specification.name" value="Java Virtual Machine Specification"/>
    <property name="java.vm.specification.version" value="1.0"/>
    <property name="sun.cpu.endian" value="little"/>
    <property name="sun.os.patch.level" value="unknown"/>
    <property name="env.HOME" value="/Users/jmayaalv"/>
    <property name="surefire.test.class.path" value="/Users/jmayaalv/Documents/workspace/mapo/mapo-import/target/test-classes:/Users/jmayaalv/Documents/workspace/mapo/mapo-import/target/classes:/Users/jmayaalv/.m2/repository/commons-logging/commons-logging/1.1.1/commons-logging-1.1.1.jar:/Users/jmayaalv/.m2/repository/commons-io/commons-io/1.4/commons-io-1.4.jar:/Users/jmayaalv/.m2/repository/org/apache/hadoop/hadoop-core/0.19.2/hadoop-core-0.19.2.jar:/Users/jmayaalv/.m2/repository/org/apache/hadoop/hbase/0.19.3/hbase-0.19.3.jar:/Users/jmayaalv/.m2/repository/commons-lang/commons-lang/2.4/commons-lang-2.4.jar:/Users/jmayaalv/.m2/repository/com/google/collections/google-collections/0.9/google-collections-0.9.jar:/Users/jmayaalv/.m2/repository/aterm/aterm-java/1.6/aterm-java-1.6.jar:/Users/jmayaalv/.m2/repository/pellet/pellet-core/2.0.0/pellet-core-2.0.0.jar:/Users/jmayaalv/.m2/repository/pellet/pellet-owlapiv3/2.0.0/pellet-owlapiv3-2.0.0.jar:/Users/jmayaalv/.m2/repository/pellet/pellet-rules/2.0.0/pellet-rules-2.0.0.jar:/Users/jmayaalv/.m2/repository/pellet/pellet-datatypes/2.0.0/pellet-datatypes-2.0.0.jar:/Users/jmayaalv/.m2/repository/pellet/xsdlib/2.0.0/xsdlib-2.0.0.jar:/Users/jmayaalv/.m2/repository/pellet/pellet-el/2.0.0/pellet-el-2.0.0.jar:/Users/jmayaalv/.m2/repository/pellet/pellet-query/2.0.0/pellet-query-2.0.0.jar:/Users/jmayaalv/.m2/repository/pellet/pellet-jena/2.0.0/pellet-jena-2.0.0.jar:/Users/jmayaalv/.m2/repository/com/hp/hpl/jena/jena/2.6.2/jena-2.6.2.jar:/Users/jmayaalv/.m2/repository/com/hp/hpl/jena/iri/0.7/iri-0.7.jar:/Users/jmayaalv/.m2/repository/com/ibm/icu/icu4j/3.4.4/icu4j-3.4.4.jar:/Users/jmayaalv/.m2/repository/xerces/xercesImpl/2.7.1/xercesImpl-2.7.1.jar:/Users/jmayaalv/.m2/repository/org/slf4j/slf4j-log4j12/1.5.6/slf4j-log4j12-1.5.6.jar:/Users/jmayaalv/.m2/repository/log4j/log4j/1.2.16/log4j-1.2.16.jar:/Users/jmayaalv/.m2/repository/com/hp/hpl/jena/arq/2.8.2/arq-2.8.2.jar:/Users/jmayaalv/.m2/repository/org/codehaus/woodstox/wstx-asl/3.2.9/wstx-asl-3.2.9.jar:/Users/jmayaalv/.m2/repository/stax/stax-api/1.0.1/stax-api-1.0.1.jar:/Users/jmayaalv/.m2/repository/org/apache/lucene/lucene-core/2.3.1/lucene-core-2.3.1.jar:/Users/jmayaalv/.m2/repository/junit/junit/4.5/junit-4.5.jar:/Users/jmayaalv/.m2/repository/com/hp/hpl/jena/arq-extra/2.7.0/arq-extra-2.7.0.jar:/Users/jmayaalv/.m2/repository/owlapi/owlapi-bin/3.0.0/owlapi-bin-3.0.0.jar:/Users/jmayaalv/.m2/repository/org/testng/testng/5.8/testng-5.8-jdk15.jar:/Users/jmayaalv/.m2/repository/org/slf4j/slf4j-api/1.5.6/slf4j-api-1.5.6.jar:/Users/jmayaalv/Documents/workspace/mapo/mapo-common/target/mapo-common-0.0.1-SNAPSHOT.jar:/Users/jmayaalv/Documents/workspace/mapo/mapo-reasoner/target/mapo-reasoner-0.0.1-SNAPSHOT.jar:"/>
    <property name="java.io.tmpdir" value="/var/folders/ZO/ZOyjLyx7F9yNPLTOB2+QFk+++TI/-Tmp-/"/>
    <property name="java.vendor.url.bug" value="http://bugreport.apple.com/"/>
    <property name="env.SSH_AUTH_SOCK" value="/tmp/launch-bdyxgm/Listeners"/>
    <property name="env.JENA_CLASSPATH" value="/Users/jmayaalv/Downloads/pellet-2.0.0/lib"/>
    <property name="env.COMMAND_MODE" value="unix2003"/>
    <property name="mrj.build" value="10M3065"/>
    <property name="os.arch" value="x86_64"/>
    <property name="java.awt.graphicsenv" value="apple.awt.CGraphicsEnvironment"/>
    <property name="env.JAVA_STARTED_ON_FIRST_THREAD_354" value="1"/>
    <property name="java.ext.dirs" value="/Library/Java/Extensions:/System/Library/Java/Extensions:/System/Library/Frameworks/JavaVM.framework/Versions/1.6.0/Home/lib/ext"/>
    <property name="user.dir" value="/Users/jmayaalv/Documents/workspace/mapo/mapo-import"/>
    <property name="mrj.version" value="1060.1.6.0_20-279"/>
    <property name="line.separator" value="
"/>
    <property name="java.vm.name" value="Java HotSpot(TM) 64-Bit Server VM"/>
    <property name="basedir" value="/Users/jmayaalv/Documents/workspace/mapo/mapo-import"/>
    <property name="maven.mode.standalone" value="true"/>
    <property name="file.encoding" value="MacRoman"/>
    <property name="java.specification.version" value="1.6"/>
  </properties>
  <testcase time="2.421" classname="mapo.test.RenderTest" name="renderTest"/>
</testsuite>